<?xml version="1.0" encoding="UTF-8"?>
<!-- Generated by org.testng.reporters.JUnitReportReporter -->
<testsuite hostname="VDQADEV01-G67N6" name="tests.VerifyProgramEdition" tests="2" failures="0" timestamp="7 Feb 2015 16:26:35 GMT" time="11.807" errors="0">
  <testcase name="verifyAProgramIsEdited" time="5.708" classname="tests.VerifyProgramEdition"/>
  <testcase name="verifyAProgramIsEdited" time="6.099" classname="tests.VerifyProgramEdition"/>
</testsuite> <!-- tests.VerifyProgramEdition -->
