<?xml version="1.0" encoding="UTF-8"?>
<!-- Generated by org.testng.reporters.JUnitReportReporter -->
<testsuite hostname="VDQADEV01-G67N6" name="tests.VerifyStageCreation" tests="3" failures="0" timestamp="11 Feb 2015 00:09:54 GMT" time="12.927" errors="0">
  <testcase name="verifyNewStageIsCreated" time="4.470" classname="tests.VerifyStageCreation"/>
  <testcase name="verifyNewStageIsCreated" time="4.135" classname="tests.VerifyStageCreation"/>
  <testcase name="verifyNewStageIsCreated" time="4.322" classname="tests.VerifyStageCreation"/>
</testsuite> <!-- tests.VerifyStageCreation -->
