<?xml version="1.0" encoding="UTF-8"?>
<!-- Generated by org.testng.reporters.JUnitReportReporter -->
<testsuite hostname="VDQADEV01-G67N6" name="tests.VerifyUserCreation" tests="2" failures="0" timestamp="1 Feb 2015 23:43:57 GMT" time="10.222" errors="0">
  <testcase name="verifyNewUserIsCreated" time="5.333" classname="tests.VerifyUserCreation"/>
  <testcase name="verifyNewUserIsCreated" time="4.889" classname="tests.VerifyUserCreation"/>
</testsuite> <!-- tests.VerifyUserCreation -->
