<?xml version="1.0" encoding="UTF-8"?>
<!-- Generated by org.testng.reporters.JUnitReportReporter -->
<testsuite hostname="VDQADEV01-G67N6" name="tests.StagesTest" tests="3" failures="0" timestamp="29 Jan 2015 00:31:21 GMT" time="12.796" errors="0">
  <testcase name="verifyNewStageIsCreated" time="5.069" classname="tests.StagesTest"/>
  <testcase name="verifyNewStageIsCreated" time="4.437" classname="tests.StagesTest"/>
  <testcase name="verifyNewStageIsCreated" time="3.290" classname="tests.StagesTest"/>
</testsuite> <!-- tests.StagesTest -->
