<?xml version="1.0" encoding="UTF-8"?>
<!-- Generated by org.testng.reporters.JUnitReportReporter -->
<testsuite hostname="VDQADEV01-G67N6" name="tests.VerifyProgramCreation" tests="2" failures="0" timestamp="1 Feb 2015 23:43:57 GMT" time="12.963" errors="0">
  <testcase name="test" time="6.629" classname="tests.VerifyProgramCreation"/>
  <testcase name="test" time="6.334" classname="tests.VerifyProgramCreation"/>
</testsuite> <!-- tests.VerifyProgramCreation -->
