<?xml version="1.0" encoding="UTF-8"?>
<!-- Generated by org.testng.reporters.JUnitReportReporter -->
<testsuite hostname="VDQADEV01-G67N6" name="tests.VerifyUserCreation" tests="2" failures="0" timestamp="2 Feb 2015 18:23:02 GMT" time="10.573" errors="0">
  <testcase name="verifyNewUserIsCreated" time="5.308" classname="tests.VerifyUserCreation"/>
  <testcase name="verifyNewUserIsCreated" time="5.265" classname="tests.VerifyUserCreation"/>
</testsuite> <!-- tests.VerifyUserCreation -->
