<?xml version="1.0" encoding="UTF-8"?>
<!-- Generated by org.testng.reporters.JUnitReportReporter -->
<testsuite hostname="VDQADEV01-G67N6" name="tests.VerifyStageCreation" tests="3" failures="0" timestamp="5 Feb 2015 14:59:56 GMT" time="12.011" errors="0">
  <testcase name="verifyNewStageIsCreated" time="4.210" classname="tests.VerifyStageCreation"/>
  <testcase name="verifyNewStageIsCreated" time="3.618" classname="tests.VerifyStageCreation"/>
  <testcase name="verifyNewStageIsCreated" time="4.183" classname="tests.VerifyStageCreation"/>
</testsuite> <!-- tests.VerifyStageCreation -->
