<?xml version="1.0" encoding="UTF-8"?>
<!-- Generated by org.testng.reporters.JUnitReportReporter -->
<testsuite hostname="VDQADEV01-G67N6" name="tests.ProgramsTest" tests="2" failures="0" timestamp="28 Jan 2015 23:16:09 GMT" time="11.179" errors="0">
  <testcase name="verifyNewProgramIsCreated" time="4.706" classname="tests.ProgramsTest"/>
  <testcase name="verifyNewProgramIsCreated" time="6.473" classname="tests.ProgramsTest"/>
</testsuite> <!-- tests.ProgramsTest -->
