<?xml version="1.0" encoding="UTF-8"?>
<!-- Generated by org.testng.reporters.JUnitReportReporter -->
<testsuite hostname="VDQADEV01-G67N6" name="tests.VerifyProgramCreation" tests="2" failures="0" timestamp="2 Feb 2015 18:23:03 GMT" time="10.305" errors="0">
  <testcase name="test" time="5.243" classname="tests.VerifyProgramCreation"/>
  <testcase name="test" time="5.062" classname="tests.VerifyProgramCreation"/>
</testsuite> <!-- tests.VerifyProgramCreation -->
