<?xml version="1.0" encoding="UTF-8"?>
<!-- Generated by org.testng.reporters.JUnitReportReporter -->
<testsuite hostname="VDQADEV01-G67N6" name="tests.ReaderTest" tests="1" failures="0" timestamp="10 Feb 2015 18:42:15 GMT" time="0.298" errors="0">
  <testcase name="reader" time="0.298" classname="tests.ReaderTest"/>
</testsuite> <!-- tests.ReaderTest -->
