<?xml version="1.0" encoding="UTF-8"?>
<!-- Generated by org.testng.reporters.JUnitReportReporter -->
<testsuite hostname="VDQADEV01-G67N6" name="tests.VerifySetGradesToApplicants" tests="1" failures="0" timestamp="11 Feb 2015 18:38:07 GMT" time="0.274" errors="0">
  <testcase name="verifyApplicantsGradesCanBeSet" time="0.274" classname="tests.VerifySetGradesToApplicants"/>
</testsuite> <!-- tests.VerifySetGradesToApplicants -->
