<?xml version="1.0" encoding="UTF-8"?>
<!-- Generated by org.testng.reporters.JUnitReportReporter -->
<testsuite hostname="VDQADEV01-G67N6" name="tests.VerifyProgramEdition" tests="2" failures="0" timestamp="11 Feb 2015 00:09:54 GMT" time="11.945" errors="0">
  <testcase name="verifyAProgramIsEdited" time="5.914" classname="tests.VerifyProgramEdition"/>
  <testcase name="verifyAProgramIsEdited" time="6.031" classname="tests.VerifyProgramEdition"/>
</testsuite> <!-- tests.VerifyProgramEdition -->
