<?xml version="1.0" encoding="UTF-8"?>
<!-- Generated by org.testng.reporters.JUnitReportReporter -->
<testsuite hostname="VDQADEV01-G67N6" name="tests.VerifyUserCreation" tests="2" failures="0" timestamp="5 Feb 2015 14:59:55 GMT" time="9.358" errors="0">
  <testcase name="verifyNewUserIsCreated" time="4.781" classname="tests.VerifyUserCreation"/>
  <testcase name="verifyNewUserIsCreated" time="4.577" classname="tests.VerifyUserCreation"/>
</testsuite> <!-- tests.VerifyUserCreation -->
