<?xml version="1.0" encoding="UTF-8"?>
<!-- Generated by org.testng.reporters.JUnitReportReporter -->
<testsuite hostname="VDQADEV01-G67N6" name="tests.VerifySetGradesToApplicants" tests="1" failures="0" timestamp="13 Feb 2015 17:54:53 GMT" time="7.364" errors="0">
  <testcase name="verifyApplicantsGradesCanBeSet" time="7.364" classname="tests.VerifySetGradesToApplicants"/>
</testsuite> <!-- tests.VerifySetGradesToApplicants -->
