<?xml version="1.0" encoding="UTF-8"?>
<!-- Generated by org.testng.reporters.JUnitReportReporter -->
<testsuite hostname="VDQADEV01-G67N6" name="tests.ProgramsTest" tests="2" failures="0" timestamp="29 Jan 2015 14:44:48 GMT" time="11.064" errors="0">
  <testcase name="verifyNewProgramIsCreated" time="5.646" classname="tests.ProgramsTest"/>
  <testcase name="verifyNewProgramIsCreated" time="5.418" classname="tests.ProgramsTest"/>
</testsuite> <!-- tests.ProgramsTest -->
