<?xml version="1.0" encoding="UTF-8"?>
<!-- Generated by org.testng.reporters.JUnitReportReporter -->
<testsuite hostname="VDQADEV01-G67N6" name="tests.VerifyProgramCreation" tests="2" failures="0" timestamp="9 Feb 2015 19:48:26 GMT" time="7.744" errors="0">
  <testcase name="verifyANewProgramIsCreated" time="4.250" classname="tests.VerifyProgramCreation"/>
  <testcase name="verifyANewProgramIsCreated" time="3.494" classname="tests.VerifyProgramCreation"/>
</testsuite> <!-- tests.VerifyProgramCreation -->
