<?xml version="1.0" encoding="UTF-8"?>
<!-- Generated by org.testng.reporters.JUnitReportReporter -->
<testsuite hostname="VDQADEV01-G67N6" name="tests.VerifyStageCreation" tests="3" failures="0" timestamp="5 Feb 2015 20:00:15 GMT" time="10.634" errors="0">
  <testcase name="verifyNewStageIsCreated" time="3.291" classname="tests.VerifyStageCreation"/>
  <testcase name="verifyNewStageIsCreated" time="3.044" classname="tests.VerifyStageCreation"/>
  <testcase name="verifyNewStageIsCreated" time="4.299" classname="tests.VerifyStageCreation"/>
</testsuite> <!-- tests.VerifyStageCreation -->
