<?xml version="1.0" encoding="UTF-8"?>
<!-- Generated by org.testng.reporters.JUnitReportReporter -->
<testsuite hostname="VDQADEV01-G67N6" name="tests.DBTest" tests="1" failures="0" timestamp="1 Feb 2015 20:21:02 GMT" time="0.012" errors="0">
  <testcase name="test" time="0.012" classname="tests.DBTest"/>
</testsuite> <!-- tests.DBTest -->
