<?xml version="1.0" encoding="UTF-8"?>
<!-- Generated by org.testng.reporters.JUnitReportReporter -->
<testsuite hostname="VDQADEV01-G67N6" name="tests.StagesTest" tests="2" failures="0" timestamp="29 Jan 2015 15:03:27 GMT" time="7.898" errors="0">
  <testcase name="verifyNewStageIsCreated" time="4.078" classname="tests.StagesTest"/>
  <testcase name="verifyNewStageIsCreated" time="3.820" classname="tests.StagesTest"/>
</testsuite> <!-- tests.StagesTest -->
