<?xml version="1.0" encoding="UTF-8"?>
<!-- Generated by org.testng.reporters.JUnitReportReporter -->
<testsuite hostname="VDQADEV01-G67N6" name="tests.VerifyStageCreation" tests="3" failures="0" timestamp="2 Feb 2015 18:23:03 GMT" time="10.720" errors="0">
  <testcase name="verifyNewStageIsCreated" time="3.678" classname="tests.VerifyStageCreation"/>
  <testcase name="verifyNewStageIsCreated" time="3.795" classname="tests.VerifyStageCreation"/>
  <testcase name="verifyNewStageIsCreated" time="3.247" classname="tests.VerifyStageCreation"/>
</testsuite> <!-- tests.VerifyStageCreation -->
