<?xml version="1.0" encoding="UTF-8"?>
<!-- Generated by org.testng.reporters.JUnitReportReporter -->
<testsuite hostname="VDQADEV01-G67N6" name="tests.VerifyProgramCreation" tests="2" failures="0" timestamp="5 Feb 2015 20:00:15 GMT" time="7.004" errors="0">
  <testcase name="verifyANewProgramIsCreated" time="3.627" classname="tests.VerifyProgramCreation"/>
  <testcase name="verifyANewProgramIsCreated" time="3.377" classname="tests.VerifyProgramCreation"/>
</testsuite> <!-- tests.VerifyProgramCreation -->
