<?xml version="1.0" encoding="UTF-8"?>
<!-- Generated by org.testng.reporters.JUnitReportReporter -->
<testsuite hostname="VDQADEV01-G67N6" name="tests.ProgramsTest" tests="1" failures="0" timestamp="27 Jan 2015 14:28:28 GMT" time="4.295" errors="0">
  <testcase name="createNewProgramTest" time="4.295" classname="tests.ProgramsTest"/>
</testsuite> <!-- tests.ProgramsTest -->
