<?xml version="1.0" encoding="UTF-8"?>
<!-- Generated by org.testng.reporters.JUnitReportReporter -->
<testsuite hostname="VDQADEV01-G67N6" name="tests.VerifyUserCreation" tests="2" failures="0" timestamp="5 Feb 2015 20:00:15 GMT" time="9.853" errors="0">
  <testcase name="verifyNewUserIsCreated" time="5.369" classname="tests.VerifyUserCreation"/>
  <testcase name="verifyNewUserIsCreated" time="4.484" classname="tests.VerifyUserCreation"/>
</testsuite> <!-- tests.VerifyUserCreation -->
